<?xml version="1.0" encoding="UTF-8"?>
<testsuite name="com.cardinalfinance.test.Rd0819ApplicationTests" tests="12" skipped="0" failures="0" errors="0" timestamp="2024-07-19T02:16:12" hostname="Rajus-MBP.attlocal.net" time="0.827">
  <properties/>
  <testcase name="getDataServiceTest()" classname="com.cardinalfinance.test.Rd0819ApplicationTests" time="0.774"/>
  <testcase name="getChargesDataTest()" classname="com.cardinalfinance.test.Rd0819ApplicationTests" time="0.003"/>
  <testcase name="getToolsDataTest()" classname="com.cardinalfinance.test.Rd0819ApplicationTests" time="0.003"/>
  <testcase name="getLaborDayTest()" classname="com.cardinalfinance.test.Rd0819ApplicationTests" time="0.005"/>
  <testcase name="getToolChargesTest1()" classname="com.cardinalfinance.test.Rd0819ApplicationTests" time="0.015"/>
  <testcase name="getToolChargesTest2()" classname="com.cardinalfinance.test.Rd0819ApplicationTests" time="0.002"/>
  <testcase name="getToolChargesTest3()" classname="com.cardinalfinance.test.Rd0819ApplicationTests" time="0.003"/>
  <testcase name="getToolChargesTest4()" classname="com.cardinalfinance.test.Rd0819ApplicationTests" time="0.002"/>
  <testcase name="getToolChargesTest5()" classname="com.cardinalfinance.test.Rd0819ApplicationTests" time="0.002"/>
  <testcase name="getToolChargesTest6()" classname="com.cardinalfinance.test.Rd0819ApplicationTests" time="0.003"/>
  <testcase name="getListofDates()" classname="com.cardinalfinance.test.Rd0819ApplicationTests" time="0.002"/>
  <testcase name="contextLoads()" classname="com.cardinalfinance.test.Rd0819ApplicationTests" time="0.002"/>
  <system-out><![CDATA[21:16:10.685 [Test worker] INFO org.springframework.test.context.support.AnnotationConfigContextLoaderUtils -- Could not detect default configuration classes for test class [com.cardinalfinance.test.Rd0819ApplicationTests]: Rd0819ApplicationTests does not declare any static, non-private, non-final, nested classes annotated with @Configuration.
21:16:10.782 [Test worker] INFO org.springframework.boot.test.context.SpringBootTestContextBootstrapper -- Found @SpringBootConfiguration com.cardinalfinance.test.Rd0819Application for test class com.cardinalfinance.test.Rd0819ApplicationTests

  .   ____          _            __ _ _
 /\\ / ___'_ __ _ _(_)_ __  __ _ \ \ \ \
( ( )\___ | '_ | '_| | '_ \/ _` | \ \ \ \
 \\/  ___)| |_)| | | | | || (_| |  ) ) ) )
  '  |____| .__|_| |_|_| |_\__, | / / / /
 =========|_|==============|___/=/_/_/_/

 :: Spring Boot ::                (v3.3.1)

2024-07-18T21:16:11.133-05:00  INFO 31032 --- [rd0819] [    Test worker] c.c.test.Rd0819ApplicationTests          : Starting Rd0819ApplicationTests using Java 21.0.3 with PID 31032 (started by rajudatla in /Users/rajudatla/git/repository/rd0819)
2024-07-18T21:16:11.134-05:00  INFO 31032 --- [rd0819] [    Test worker] c.c.test.Rd0819ApplicationTests          : No active profile set, falling back to 1 default profile: "default"
2024-07-18T21:16:12.656-05:00  INFO 31032 --- [rd0819] [    Test worker] c.c.test.Rd0819ApplicationTests          : Started Rd0819ApplicationTests in 1.726 seconds (process running for 2.821)
]]></system-out>
  <system-err><![CDATA[WARNING: A Java agent has been loaded dynamically (/Users/rajudatla/.gradle/caches/modules-2/files-2.1/net.bytebuddy/byte-buddy-agent/1.14.17/e3c251a39dc90badaf71c83427ba46840f219d8d/byte-buddy-agent-1.14.17.jar)
WARNING: If a serviceability tool is in use, please run with -XX:+EnableDynamicAgentLoading to hide this warning
WARNING: If a serviceability tool is not in use, please run with -Djdk.instrument.traceUsage for more information
WARNING: Dynamic loading of agents will be disallowed by default in a future release
]]></system-err>
</testsuite>
